<?xml version="1.0" encoding="UTF-8"?>
<!-- Generated by org.testng.reporters.JUnitReportReporter -->
<testsuite hostname="DESKTOP-5O0FCEA" failures="0" tests="1" name="com.automation.tests.SfdcAuromationScripts" time="27.146" errors="0" timestamp="2023-06-20T21:09:11 IST" skipped="0">
  <testcase classname="com.automation.tests.SfdcAuromationScripts" name="sfdcMyProfile" time="27.146"/>
  <system-out/>
</testsuite> <!-- com.automation.tests.SfdcAuromationScripts -->
