<?xml version="1.0" encoding="UTF-8"?>
<!-- Generated by org.testng.reporters.JUnitReportReporter -->
<testsuite hostname="DESKTOP-5O0FCEA" failures="0" tests="2" name="com.automation.tests.AutomationScripts" time="51.551" errors="0" timestamp="2023-06-12T18:54:00 IST" skipped="1">
  <testcase classname="com.automation.tests.AutomationScripts" name="loginToFireBaseTestScript" time="51.551"/>
  <system-out/>
  <testcase classname="com.automation.tests.AutomationScripts" name="errorLoginToFireBaseTestScript">
    <skipped/>
  </testcase> <!-- errorLoginToFireBaseTestScript -->
  <system-out/>
</testsuite> <!-- com.automation.tests.AutomationScripts -->
